<?xml version="1.0" encoding="UTF-8"?>
<testsuite xmlns:xsi="http://www.w3.org/2001/XMLSchema-instance" xsi:noNamespaceSchemaLocation="https://maven.apache.org/surefire/maven-surefire-plugin/xsd/surefire-test-report.xsd" name="com.gev.admin.AdminApplicationTest" time="8.979" tests="4" errors="0" skipped="0" failures="2">
  <properties>
[...]
</properties>
  <testcase name="testControllerPostAdmin" classname="com.gev.admin.AdminApplicationTest" time="0.171">
    <failure message="Status expected:&lt;201&gt; but was:&lt;400&gt;" type="java.lang.AssertionError"><![CDATA[java.lang.AssertionError: Status expected:<201> but was:<400>
	at com.gev.admin.AdminApplicationTest.testControllerPostAdmin(AdminApplicationTest.java:40)
]]></failure>
    <system-out><![CDATA[14:25:12.129 [main] DEBUG org.springframework.test.context.BootstrapUtils - Instantiating CacheAwareContextLoaderDelegate from class [org.springframework.test.context.cache.DefaultCacheAwareContextLoaderDelegate]
14:25:12.139 [main] DEBUG org.springframework.test.context.BootstrapUtils - Instantiating BootstrapContext using constructor [public org.springframework.test.context.support.DefaultBootstrapContext(java.lang.Class,org.springframework.test.context.CacheAwareContextLoaderDelegate)]
14:25:12.173 [main] DEBUG org.springframework.test.context.BootstrapUtils - Instantiating TestContextBootstrapper for test class [com.gev.admin.AdminApplicationTest] from class [org.springframework.boot.test.context.SpringBootTestContextBootstrapper]
14:25:12.182 [main] INFO org.springframework.boot.test.context.SpringBootTestContextBootstrapper - Neither @ContextConfiguration nor @ContextHierarchy found for test class [com.gev.admin.AdminApplicationTest], using SpringBootContextLoader
14:25:12.185 [main] DEBUG org.springframework.test.context.support.AbstractContextLoader - Did not detect default resource location for test class [com.gev.admin.AdminApplicationTest]: class path resource [com/gev/admin/AdminApplicationTest-context.xml] does not exist
14:25:12.186 [main] DEBUG org.springframework.test.context.support.AbstractContextLoader - Did not detect default resource location for test class [com.gev.admin.AdminApplicationTest]: class path resource [com/gev/admin/AdminApplicationTestContext.groovy] does not exist
14:25:12.187 [main] INFO org.springframework.test.context.support.AbstractContextLoader - Could not detect default resource locations for test class [com.gev.admin.AdminApplicationTest]: no resource found for suffixes {-context.xml, Context.groovy}.
14:25:12.234 [main] DEBUG org.springframework.test.context.support.ActiveProfilesUtils - Could not find an 'annotation declaring class' for annotation type [org.springframework.test.context.ActiveProfiles] and class [com.gev.admin.AdminApplicationTest]
14:25:12.346 [main] DEBUG org.springframework.boot.test.context.SpringBootTestContextBootstrapper - @TestExecutionListeners is not present for class [com.gev.admin.AdminApplicationTest]: using defaults.
14:25:12.347 [main] INFO org.springframework.boot.test.context.SpringBootTestContextBootstrapper - Loaded default TestExecutionListener class names from location [META-INF/spring.factories]: [org.springframework.boot.test.mock.mockito.MockitoTestExecutionListener, org.springframework.boot.test.mock.mockito.ResetMocksTestExecutionListener, org.springframework.boot.test.autoconfigure.restdocs.RestDocsTestExecutionListener, org.springframework.boot.test.autoconfigure.web.client.MockRestServiceServerResetTestExecutionListener, org.springframework.boot.test.autoconfigure.web.servlet.MockMvcPrintOnlyOnFailureTestExecutionListener, org.springframework.boot.test.autoconfigure.web.servlet.WebDriverTestExecutionListener, org.springframework.boot.test.autoconfigure.webservices.client.MockWebServiceServerTestExecutionListener, org.springframework.test.context.web.ServletTestExecutionListener, org.springframework.test.context.support.DirtiesContextBeforeModesTestExecutionListener, org.springframework.test.context.event.ApplicationEventsTestExecutionListener, org.springframework.test.context.support.DependencyInjectionTestExecutionListener, org.springframework.test.context.support.DirtiesContextTestExecutionListener, org.springframework.test.context.transaction.TransactionalTestExecutionListener, org.springframework.test.context.jdbc.SqlScriptsTestExecutionListener, org.springframework.test.context.event.EventPublishingTestExecutionListener]
14:25:12.360 [main] INFO org.springframework.boot.test.context.SpringBootTestContextBootstrapper - Using TestExecutionListeners: [org.springframework.test.context.web.ServletTestExecutionListener@3b7ff809, org.springframework.test.context.support.DirtiesContextBeforeModesTestExecutionListener@1bb564e2, org.springframework.test.context.event.ApplicationEventsTestExecutionListener@62e6b5c8, org.springframework.boot.test.mock.mockito.MockitoTestExecutionListener@3f792b9b, org.springframework.boot.test.autoconfigure.SpringBootDependencyInjectionTestExecutionListener@7b8233cd, org.springframework.test.context.support.DirtiesContextTestExecutionListener@4b20ca2b, org.springframework.test.context.transaction.TransactionalTestExecutionListener@1cbf6e72, org.springframework.test.context.jdbc.SqlScriptsTestExecutionListener@6aecbb8d, org.springframework.test.context.event.EventPublishingTestExecutionListener@1af146, org.springframework.boot.test.mock.mockito.ResetMocksTestExecutionListener@4da602fc, org.springframework.boot.test.autoconfigure.restdocs.RestDocsTestExecutionListener@2a8d39c4, org.springframework.boot.test.autoconfigure.web.client.MockRestServiceServerResetTestExecutionListener@25b2cfcb, org.springframework.boot.test.autoconfigure.web.servlet.MockMvcPrintOnlyOnFailureTestExecutionListener@72758afa, org.springframework.boot.test.autoconfigure.web.servlet.WebDriverTestExecutionListener@fb9c7aa, org.springframework.boot.test.autoconfigure.webservices.client.MockWebServiceServerTestExecutionListener@4c398c80]
14:25:12.364 [main] DEBUG org.springframework.test.context.support.AbstractDirtiesContextTestExecutionListener - Before test class: context [DefaultTestContext@26425897 testClass = AdminApplicationTest, testInstance = [null], testMethod = [null], testException = [null], mergedContextConfiguration = [WebMergedContextConfiguration@73163d48 testClass = AdminApplicationTest, locations = '{}', classes = '{class com.gev.admin.AdminApplication}', contextInitializerClasses = '[]', activeProfiles = '{}', propertySourceLocations = '{}', propertySourceProperties = '{org.springframework.boot.test.context.SpringBootTestContextBootstrapper=true}', contextCustomizers = set[[ImportsContextCustomizer@58c34bb3 key = [org.springframework.boot.test.autoconfigure.web.servlet.MockMvcAutoConfiguration, org.springframework.boot.test.autoconfigure.web.servlet.MockMvcWebClientAutoConfiguration, org.springframework.boot.test.autoconfigure.web.servlet.MockMvcWebDriverAutoConfiguration, org.springframework.boot.autoconfigure.security.oauth2.client.servlet.OAuth2ClientAutoConfiguration, org.springframework.boot.autoconfigure.security.oauth2.resource.servlet.OAuth2ResourceServerAutoConfiguration, org.springframework.boot.autoconfigure.security.servlet.SecurityAutoConfiguration, org.springframework.boot.autoconfigure.security.servlet.SecurityFilterAutoConfiguration, org.springframework.boot.autoconfigure.security.servlet.UserDetailsServiceAutoConfiguration, org.springframework.boot.test.autoconfigure.web.servlet.MockMvcSecurityConfiguration]], org.springframework.boot.test.context.filter.ExcludeFilterContextCustomizer@2931522b, org.springframework.boot.test.json.DuplicateJsonObjectContextCustomizerFactory$DuplicateJsonObjectContextCustomizer@662706a7, org.springframework.boot.test.mock.mockito.MockitoContextCustomizer@0, org.springframework.boot.test.web.client.TestRestTemplateContextCustomizer@6676f6a0, org.springframework.boot.test.autoconfigure.actuate.metrics.MetricsExportContextCustomizerFactory$DisableMetricExportContextCustomizer@5e3d57c7, org.springframework.boot.test.autoconfigure.properties.PropertyMappingContextCustomizer@4b3fa0b3, org.springframework.boot.test.autoconfigure.web.servlet.WebDriverContextCustomizerFactory$Customizer@176b75f7, org.springframework.boot.test.context.SpringBootTestArgs@1, org.springframework.boot.test.context.SpringBootTestWebEnvironment@7193666c], resourceBasePath = 'src/main/webapp', contextLoader = 'org.springframework.boot.test.context.SpringBootContextLoader', parent = [null]], attributes = map['org.springframework.test.context.web.ServletTestExecutionListener.activateListener' -> true]], class annotated with @DirtiesContext [false] with mode [null].
14:25:12.397 [main] DEBUG org.springframework.test.context.support.TestPropertySourceUtils - Adding inlined properties to environment: {spring.jmx.enabled=false, org.springframework.boot.test.context.SpringBootTestContextBootstrapper=true}

  .   ____          _            __ _ _
 /\\ / ___'_ __ _ _(_)_ __  __ _ \ \ \ \
( ( )\___ | '_ | '_| | '_ \/ _` | \ \ \ \
 \\/  ___)| |_)| | | | | || (_| |  ) ) ) )
  '  |____| .__|_| |_|_| |_\__, | / / / /
 =========|_|==============|___/=/_/_/_/
 :: Spring Boot ::                (v2.5.6)

2021-11-05 14:25:13.106  INFO [admin-microservice,,] 11390 --- [           main] com.gev.admin.AdminApplicationTest       : Starting AdminApplicationTest using Java 15.0.2 on g3v-ThinkPad-T480 with PID 11390 (started by g3v in /home/g3v/Documents/Enastic/Admin)
2021-11-05 14:25:13.108  INFO [admin-microservice,,] 11390 --- [           main] com.gev.admin.AdminApplicationTest       : No active profile set, falling back to default profiles: default
2021-11-05 14:25:20.676  INFO [admin-microservice,,] 11390 --- [           main] com.gev.admin.AdminApplicationTest       : Started AdminApplicationTest in 8.274 seconds (JVM running for 9.157)

MockHttpServletRequest:
      HTTP Method = POST
      Request URI = /admin/save
       Parameters = {id_admin=[1], firstname=[Yanon], lastname=[Dari], login=[yanon], password=[yanon]}
          Headers = []
             Body = null
    Session Attrs = {}

Handler:
             Type = com.gev.admin.controllers.AdminController
           Method = com.gev.admin.controllers.AdminController#saveAdmin(Admin)

Async:
    Async started = false
     Async result = null

Resolved Exception:
             Type = org.springframework.http.converter.HttpMessageNotReadableException

ModelAndView:
        View name = null
             View = null
            Model = null

FlashMap:
       Attributes = null

MockHttpServletResponse:
           Status = 400
    Error message = null
          Headers = []
     Content type = null
             Body = 
    Forwarded URL = null
   Redirected URL = null
          Cookies = []
]]></system-out>
  </testcase>
  <testcase name="testControllerGetAllAdmin" classname="com.gev.admin.AdminApplicationTest" time="0.139"/>
  <testcase name="testControllerGetAdminById" classname="com.gev.admin.AdminApplicationTest" time="0.021"/>
  <testcase name="testControllerUpdateAdmin" classname="com.gev.admin.AdminApplicationTest" time="0.007">
    <failure message="Status expected:&lt;200&gt; but was:&lt;400&gt;" type="java.lang.AssertionError"><![CDATA[java.lang.AssertionError: Status expected:<200> but was:<400>
	at com.gev.admin.AdminApplicationTest.testControllerUpdateAdmin(AdminApplicationTest.java:50)
]]></failure>
    <system-out><![CDATA[
MockHttpServletRequest:
      HTTP Method = PUT
      Request URI = /admin/update
       Parameters = {}
          Headers = []
             Body = null
    Session Attrs = {}

Handler:
             Type = com.gev.admin.controllers.AdminController
           Method = com.gev.admin.controllers.AdminController#updateAdmin(Admin)

Async:
    Async started = false
     Async result = null

Resolved Exception:
             Type = org.springframework.http.converter.HttpMessageNotReadableException

ModelAndView:
        View name = null
             View = null
            Model = null

FlashMap:
       Attributes = null

MockHttpServletResponse:
           Status = 400
    Error message = null
          Headers = []
     Content type = null
             Body = 
    Forwarded URL = null
   Redirected URL = null
          Cookies = []
]]></system-out>
  </testcase>
</testsuite>